<?xml version="1.0" encoding="UTF-8"?>
<testsuite name="PasswordTest" tests="1" skipped="0" failures="0" errors="0" timestamp="2020-02-10T08:49:07" hostname="recruit-ThinkCentre-M73" time="0.017">
  <properties/>
  <testcase name="PasswordIsOkTest()" classname="PasswordTest" time="0.017"/>
  <system-out><![CDATA[Password is ok 
]]></system-out>
  <system-err><![CDATA[]]></system-err>
</testsuite>
