<?xml version="1.0" encoding="UTF-8"?>
<testsuite name="PasswordTest" tests="1" skipped="0" failures="0" errors="0" timestamp="2020-03-10T13:27:41" hostname="recruit-ThinkCentre-M73" time="0.012">
  <properties/>
  <testcase name="PasswordIsOkTest()" classname="PasswordTest" time="0.012"/>
  <system-out><![CDATA[Password is ok 
]]></system-out>
  <system-err><![CDATA[]]></system-err>
</testsuite>
